
> demo@0.1.0 start
> cross-env HOST=0.0.0.0 react-scripts start

Attempting to bind to HOST environment variable: 0.0.0.0
If this was unintentional, check that you haven't mistakenly set it in your shell.
Learn more here: https://cra.link/advanced-config

Starting the development server...

Compiled successfully!

You can now view demo in the browser.

  Local:            http://localhost:3000
  On Your Network:  http://192.168.31.196:3000

Note that the development build is not optimized.
To create a production build, use npm run build.

webpack compiled [1m[32msuccessfully[39m[22m
Compiling...
Compiled successfully!
webpack compiled [1m[32msuccessfully[39m[22m
Compiling...
Compiled successfully!
webpack compiled [1m[32msuccessfully[39m[22m
Compiling...
Compiled successfully!
webpack compiled [1m[32msuccessfully[39m[22m
Compiling...
Compiled successfully!
webpack compiled [1m[32msuccessfully[39m[22m
